{"src/CarefulMath.sol":{"l":{"40":5,"41":5,"42":5,"49":5,"50":5,"51":5,"56":0,"57":0,"65":0,"66":0,"77":0,"79":0,"80":0,"92":0,"97":0,"101":0,"102":0,"103":0,"104":0,"105":0,"106":0,"112":0,"117":0},"path":"/home/john/Desktop/development/blockchain/LP/hamza-escrow/src/CarefulMath.sol","s":{"1":5,"2":5,"3":5,"4":5,"5":0,"6":0,"7":0,"8":0,"9":0},"b":{"1":[5,0],"2":[0,0]},"f":{"1":5,"2":0},"fnMap":{"1":{"name":"mulDiv","line":35,"loc":{"start":{"line":35,"column":4},"end":{"line":114,"column":4}}},"2":{"name":"div","line":116,"loc":{"start":{"line":116,"column":4},"end":{"line":118,"column":4}}}},"statementMap":{"1":{"start":{"line":40,"column":8},"end":{"line":40,"column":21}},"2":{"start":{"line":41,"column":8},"end":{"line":41,"column":21}},"3":{"start":{"line":49,"column":8},"end":{"line":49,"column":1916}},"4":{"start":{"line":51,"column":16},"end":{"line":51,"column":42}},"5":{"start":{"line":56,"column":8},"end":{"line":56,"column":2119}},"6":{"start":{"line":65,"column":8},"end":{"line":65,"column":25}},"7":{"start":{"line":79,"column":12},"end":{"line":79,"column":62}},"8":{"start":{"line":97,"column":12},"end":{"line":97,"column":51}},"9":{"start":{"line":117,"column":8},"end":{"line":117,"column":48}}},"branchMap":{"1":{"line":49,"type":"if","locations":[{"start":{"line":49,"column":8},"end":{"line":49,"column":8}},{"start":{"line":49,"column":8},"end":{"line":49,"column":8}}]},"2":{"line":56,"type":"if","locations":[{"start":{"line":56,"column":8},"end":{"line":56,"column":8}},{"start":{"line":56,"column":8},"end":{"line":56,"column":8}}]}}},"src/HasSecurityContext.sol":{"l":{"42":19,"43":4,"45":15,"59":2,"71":84,"72":1,"75":83,"77":83,"79":82,"82":82},"path":"/home/john/Desktop/development/blockchain/LP/hamza-escrow/src/HasSecurityContext.sol","s":{"1":19,"2":2,"3":84,"4":83,"5":83,"6":82},"b":{"1":[4,15],"2":[2,0],"3":[1,83],"4":[82,1]},"f":{"1":19,"2":2,"3":84},"fnMap":{"1":{"name":"onlyRole","line":41,"loc":{"start":{"line":41,"column":4},"end":{"line":46,"column":4}}},"2":{"name":"setSecurityContext","line":58,"loc":{"start":{"line":58,"column":4},"end":{"line":60,"column":4}}},"3":{"name":"_setSecurityContext","line":68,"loc":{"start":{"line":68,"column":4},"end":{"line":84,"column":4}}}},"statementMap":{"1":{"start":{"line":42,"column":8},"end":{"line":42,"column":1680}},"2":{"start":{"line":59,"column":8},"end":{"line":59,"column":44}},"3":{"start":{"line":71,"column":8},"end":{"line":71,"column":2816}},"4":{"start":{"line":75,"column":8},"end":{"line":75,"column":58}},"5":{"start":{"line":77,"column":8},"end":{"line":77,"column":3034}},"6":{"start":{"line":82,"column":12},"end":{"line":82,"column":76}}},"branchMap":{"1":{"line":42,"type":"if","locations":[{"start":{"line":42,"column":8},"end":{"line":42,"column":8}},{"start":{"line":42,"column":8},"end":{"line":42,"column":8}}]},"2":{"line":58,"type":"if","locations":[{"start":{"line":58,"column":76},"end":{"line":58,"column":76}},{"start":{"line":58,"column":76},"end":{"line":58,"column":76}}]},"3":{"line":71,"type":"if","locations":[{"start":{"line":71,"column":8},"end":{"line":71,"column":8}},{"start":{"line":71,"column":8},"end":{"line":71,"column":8}}]},"4":{"line":77,"type":"if","locations":[{"start":{"line":77,"column":8},"end":{"line":77,"column":8}},{"start":{"line":77,"column":8},"end":{"line":77,"column":8}}]}}},"src/ISecurityContext.sol":{"l":{},"path":"/home/john/Desktop/development/blockchain/LP/hamza-escrow/src/ISecurityContext.sol","s":{},"b":{},"f":{},"fnMap":{},"statementMap":{},"branchMap":{}},"src/ISystemSettings.sol":{"l":{},"path":"/home/john/Desktop/development/blockchain/LP/hamza-escrow/src/ISystemSettings.sol","s":{},"b":{},"f":{},"fnMap":{},"statementMap":{},"branchMap":{}},"src/PaymentEscrow.sol":{"l":{"102":37,"103":37,"120":38,"121":39,"122":39,"123":39,"125":39,"127":11,"128":1,"132":28,"133":28,"134":0,"138":36,"139":41,"142":41,"143":2,"146":39,"147":39,"148":39,"149":39,"150":39,"151":39,"154":39,"171":46,"189":28,"191":28,"195":1,"198":27,"199":27,"200":14,"201":12,"202":12,"205":27,"206":13,"207":11,"208":11,"211":27,"212":2,"213":2,"214":2,"218":27,"224":16,"225":16,"228":16,"229":1,"231":15,"233":15,"234":2,"237":13,"238":13,"239":13,"245":39,"246":39,"247":39,"249":39,"253":27,"254":27,"255":11,"258":11,"259":11,"260":11,"261":5,"262":5,"263":1,"265":11,"268":11,"269":11,"279":10,"280":3,"286":3,"287":3,"291":7,"292":7,"300":26,"302":26,"303":25,"304":1,"307":24,"308":24,"311":25,"312":25,"315":0,"319":26},"path":"/home/john/Desktop/development/blockchain/LP/hamza-escrow/src/PaymentEscrow.sol","s":{"1":37,"2":38,"3":39,"4":39,"5":39,"6":39,"7":11,"8":1,"9":28,"10":28,"11":0,"12":36,"13":41,"14":41,"15":2,"16":39,"17":39,"18":46,"19":28,"20":28,"21":1,"22":27,"23":27,"24":14,"25":12,"26":27,"27":13,"28":11,"29":27,"30":2,"31":2,"32":27,"33":16,"34":16,"35":16,"36":1,"37":15,"38":15,"39":2,"40":13,"41":13,"42":39,"43":39,"44":39,"45":27,"46":27,"47":11,"48":11,"49":11,"50":11,"51":5,"52":11,"53":11,"54":11,"55":10,"56":3,"57":3,"58":7,"59":26,"60":26,"61":25,"62":24,"63":25,"64":25,"65":0,"66":26},"b":{"1":[11,28],"2":[1,10],"3":[0,26],"4":[2,39],"5":[1,27],"6":[27,0],"7":[14,13],"8":[12,2],"9":[13,14],"10":[11,2],"11":[2,25],"12":[2,0],"13":[16,0],"14":[1,15],"15":[2,13],"16":[13,0],"17":[13,0],"18":[11,16],"19":[5,6],"20":[1,4],"21":[11,0],"22":[10,1],"23":[1,9],"24":[3,7],"25":[3,0],"26":[25,1],"27":[1,24],"28":[25,0]},"f":{"1":37,"2":38,"3":46,"4":28,"5":16,"6":39,"7":27,"8":26},"fnMap":{"1":{"name":"constructor","line":101,"loc":{"start":{"line":101,"column":4},"end":{"line":104,"column":4}}},"2":{"name":"placeMultiPayments","line":119,"loc":{"start":{"line":119,"column":4},"end":{"line":163,"column":4}}},"3":{"name":"getPayment","line":170,"loc":{"start":{"line":170,"column":4},"end":{"line":172,"column":4}}},"4":{"name":"releaseEscrow","line":188,"loc":{"start":{"line":188,"column":4},"end":{"line":220,"column":4}}},"5":{"name":"refundPayment","line":223,"loc":{"start":{"line":223,"column":4},"end":{"line":242,"column":4}}},"6":{"name":"_getPaymentTotal","line":244,"loc":{"start":{"line":244,"column":4},"end":{"line":250,"column":4}}},"7":{"name":"_releaseEscrowPayment","line":252,"loc":{"start":{"line":252,"column":4},"end":{"line":297,"column":4}}},"8":{"name":"_transferAmount","line":299,"loc":{"start":{"line":299,"column":4},"end":{"line":320,"column":4}}}},"statementMap":{"1":{"start":{"line":102,"column":8},"end":{"line":102,"column":43}},"2":{"start":{"line":120,"column":8},"end":{"line":120,"column":3126}},"3":{"start":{"line":121,"column":12},"end":{"line":121,"column":68}},"4":{"start":{"line":122,"column":12},"end":{"line":122,"column":52}},"5":{"start":{"line":123,"column":12},"end":{"line":123,"column":59}},"6":{"start":{"line":125,"column":12},"end":{"line":125,"column":3377}},"7":{"start":{"line":127,"column":16},"end":{"line":127,"column":3507}},"8":{"start":{"line":128,"column":20},"end":{"line":128,"column":47}},"9":{"start":{"line":132,"column":16},"end":{"line":132,"column":47}},"10":{"start":{"line":133,"column":16},"end":{"line":133,"column":3716}},"11":{"start":{"line":134,"column":20},"end":{"line":134,"column":47}},"12":{"start":{"line":138,"column":12},"end":{"line":138,"column":3902}},"13":{"start":{"line":139,"column":16},"end":{"line":139,"column":75}},"14":{"start":{"line":142,"column":16},"end":{"line":142,"column":4153}},"15":{"start":{"line":143,"column":20},"end":{"line":143,"column":45}},"16":{"start":{"line":146,"column":16},"end":{"line":146,"column":67}},"17":{"start":{"line":154,"column":16},"end":{"line":154,"column":4651}},"18":{"start":{"line":171,"column":8},"end":{"line":171,"column":34}},"19":{"start":{"line":189,"column":8},"end":{"line":189,"column":53}},"20":{"start":{"line":191,"column":8},"end":{"line":191,"column":5748}},"21":{"start":{"line":195,"column":12},"end":{"line":195,"column":33}},"22":{"start":{"line":198,"column":8},"end":{"line":198,"column":5960}},"23":{"start":{"line":199,"column":12},"end":{"line":199,"column":6002}},"24":{"start":{"line":200,"column":16},"end":{"line":200,"column":6060}},"25":{"start":{"line":202,"column":20},"end":{"line":202,"column":69}},"26":{"start":{"line":205,"column":12},"end":{"line":205,"column":6257}},"27":{"start":{"line":206,"column":16},"end":{"line":206,"column":6312}},"28":{"start":{"line":208,"column":20},"end":{"line":208,"column":69}},"29":{"start":{"line":211,"column":12},"end":{"line":211,"column":6503}},"30":{"start":{"line":212,"column":16},"end":{"line":212,"column":6580}},"31":{"start":{"line":214,"column":20},"end":{"line":214,"column":69}},"32":{"start":{"line":218,"column":12},"end":{"line":218,"column":43}},"33":{"start":{"line":224,"column":8},"end":{"line":224,"column":53}},"34":{"start":{"line":225,"column":8},"end":{"line":225,"column":6984}},"35":{"start":{"line":228,"column":12},"end":{"line":228,"column":7176}},"36":{"start":{"line":229,"column":16},"end":{"line":229,"column":37}},"37":{"start":{"line":231,"column":12},"end":{"line":231,"column":74}},"38":{"start":{"line":233,"column":12},"end":{"line":233,"column":7399}},"39":{"start":{"line":234,"column":16},"end":{"line":234,"column":39}},"40":{"start":{"line":237,"column":12},"end":{"line":237,"column":7499}},"41":{"start":{"line":238,"column":16},"end":{"line":238,"column":7573}},"42":{"start":{"line":245,"column":8},"end":{"line":245,"column":26}},"43":{"start":{"line":246,"column":8},"end":{"line":246,"column":7820}},"44":{"start":{"line":249,"column":8},"end":{"line":249,"column":21}},"45":{"start":{"line":253,"column":8},"end":{"line":253,"column":53}},"46":{"start":{"line":254,"column":8},"end":{"line":254,"column":8085}},"47":{"start":{"line":255,"column":12},"end":{"line":255,"column":68}},"48":{"start":{"line":258,"column":12},"end":{"line":258,"column":27}},"49":{"start":{"line":259,"column":12},"end":{"line":259,"column":46}},"50":{"start":{"line":260,"column":12},"end":{"line":260,"column":8356}},"51":{"start":{"line":262,"column":16},"end":{"line":262,"column":8470}},"52":{"start":{"line":265,"column":12},"end":{"line":265,"column":46}},"53":{"start":{"line":268,"column":12},"end":{"line":268,"column":8608}},"54":{"start":{"line":269,"column":16},"end":{"line":269,"column":8653}},"55":{"start":{"line":279,"column":20},"end":{"line":279,"column":9024}},"56":{"start":{"line":280,"column":24},"end":{"line":280,"column":9067}},"57":{"start":{"line":287,"column":28},"end":{"line":287,"column":76}},"58":{"start":{"line":292,"column":24},"end":{"line":292,"column":72}},"59":{"start":{"line":300,"column":8},"end":{"line":300,"column":28}},"60":{"start":{"line":302,"column":8},"end":{"line":302,"column":9846}},"61":{"start":{"line":303,"column":12},"end":{"line":303,"column":9880}},"62":{"start":{"line":307,"column":16},"end":{"line":307,"column":57}},"63":{"start":{"line":311,"column":12},"end":{"line":311,"column":10161}},"64":{"start":{"line":312,"column":16},"end":{"line":312,"column":78}},"65":{"start":{"line":315,"column":16},"end":{"line":315,"column":81}},"66":{"start":{"line":319,"column":8},"end":{"line":319,"column":22}}},"branchMap":{"1":{"line":125,"type":"if","locations":[{"start":{"line":125,"column":12},"end":{"line":125,"column":12}},{"start":{"line":125,"column":12},"end":{"line":125,"column":12}}]},"2":{"line":127,"type":"if","locations":[{"start":{"line":127,"column":16},"end":{"line":127,"column":16}},{"start":{"line":127,"column":16},"end":{"line":127,"column":16}}]},"3":{"line":133,"type":"if","locations":[{"start":{"line":133,"column":16},"end":{"line":133,"column":16}},{"start":{"line":133,"column":16},"end":{"line":133,"column":16}}]},"4":{"line":142,"type":"if","locations":[{"start":{"line":142,"column":16},"end":{"line":142,"column":16}},{"start":{"line":142,"column":16},"end":{"line":142,"column":16}}]},"5":{"line":191,"type":"if","locations":[{"start":{"line":191,"column":8},"end":{"line":191,"column":8}},{"start":{"line":191,"column":8},"end":{"line":191,"column":8}}]},"6":{"line":198,"type":"if","locations":[{"start":{"line":198,"column":8},"end":{"line":198,"column":8}},{"start":{"line":198,"column":8},"end":{"line":198,"column":8}}]},"7":{"line":199,"type":"if","locations":[{"start":{"line":199,"column":12},"end":{"line":199,"column":12}},{"start":{"line":199,"column":12},"end":{"line":199,"column":12}}]},"8":{"line":200,"type":"if","locations":[{"start":{"line":200,"column":16},"end":{"line":200,"column":16}},{"start":{"line":200,"column":16},"end":{"line":200,"column":16}}]},"9":{"line":205,"type":"if","locations":[{"start":{"line":205,"column":12},"end":{"line":205,"column":12}},{"start":{"line":205,"column":12},"end":{"line":205,"column":12}}]},"10":{"line":206,"type":"if","locations":[{"start":{"line":206,"column":16},"end":{"line":206,"column":16}},{"start":{"line":206,"column":16},"end":{"line":206,"column":16}}]},"11":{"line":211,"type":"if","locations":[{"start":{"line":211,"column":12},"end":{"line":211,"column":12}},{"start":{"line":211,"column":12},"end":{"line":211,"column":12}}]},"12":{"line":212,"type":"if","locations":[{"start":{"line":212,"column":16},"end":{"line":212,"column":16}},{"start":{"line":212,"column":16},"end":{"line":212,"column":16}}]},"13":{"line":225,"type":"if","locations":[{"start":{"line":225,"column":8},"end":{"line":225,"column":8}},{"start":{"line":225,"column":8},"end":{"line":225,"column":8}}]},"14":{"line":228,"type":"if","locations":[{"start":{"line":228,"column":12},"end":{"line":228,"column":12}},{"start":{"line":228,"column":12},"end":{"line":228,"column":12}}]},"15":{"line":233,"type":"if","locations":[{"start":{"line":233,"column":12},"end":{"line":233,"column":12}},{"start":{"line":233,"column":12},"end":{"line":233,"column":12}}]},"16":{"line":237,"type":"if","locations":[{"start":{"line":237,"column":12},"end":{"line":237,"column":12}},{"start":{"line":237,"column":12},"end":{"line":237,"column":12}}]},"17":{"line":238,"type":"if","locations":[{"start":{"line":238,"column":16},"end":{"line":238,"column":16}},{"start":{"line":238,"column":16},"end":{"line":238,"column":16}}]},"18":{"line":254,"type":"if","locations":[{"start":{"line":254,"column":8},"end":{"line":254,"column":8}},{"start":{"line":254,"column":8},"end":{"line":254,"column":8}}]},"19":{"line":260,"type":"if","locations":[{"start":{"line":260,"column":12},"end":{"line":260,"column":12}},{"start":{"line":260,"column":12},"end":{"line":260,"column":12}}]},"20":{"line":262,"type":"if","locations":[{"start":{"line":262,"column":16},"end":{"line":262,"column":16}},{"start":{"line":262,"column":16},"end":{"line":262,"column":16}}]},"21":{"line":268,"type":"if","locations":[{"start":{"line":268,"column":12},"end":{"line":268,"column":12}},{"start":{"line":268,"column":12},"end":{"line":268,"column":12}}]},"22":{"line":269,"type":"if","locations":[{"start":{"line":269,"column":16},"end":{"line":269,"column":16}},{"start":{"line":269,"column":16},"end":{"line":269,"column":16}}]},"23":{"line":270,"type":"cond-expr","locations":[{"start":{"line":270,"column":20},"end":{"line":270,"column":48}},{"start":{"line":271,"column":20},"end":{"line":276,"column":20}}]},"24":{"line":279,"type":"if","locations":[{"start":{"line":279,"column":20},"end":{"line":279,"column":20}},{"start":{"line":279,"column":20},"end":{"line":279,"column":20}}]},"25":{"line":280,"type":"if","locations":[{"start":{"line":280,"column":24},"end":{"line":280,"column":24}},{"start":{"line":280,"column":24},"end":{"line":280,"column":24}}]},"26":{"line":302,"type":"if","locations":[{"start":{"line":302,"column":8},"end":{"line":302,"column":8}},{"start":{"line":302,"column":8},"end":{"line":302,"column":8}}]},"27":{"line":303,"type":"if","locations":[{"start":{"line":303,"column":12},"end":{"line":303,"column":12}},{"start":{"line":303,"column":12},"end":{"line":303,"column":12}}]},"28":{"line":311,"type":"if","locations":[{"start":{"line":311,"column":12},"end":{"line":311,"column":12}},{"start":{"line":311,"column":12},"end":{"line":311,"column":12}}]}}},"src/SecurityContext.sol":{"l":{"30":55,"40":538,"58":5,"59":4,"80":8,"81":7},"path":"/home/john/Desktop/development/blockchain/LP/hamza-escrow/src/SecurityContext.sol","s":{"1":55,"2":538,"3":5,"4":4,"5":8,"6":7},"b":{"1":[4,1],"2":[7,1],"3":[5,2]},"f":{"1":55,"2":538,"3":5,"4":8},"fnMap":{"1":{"name":"constructor","line":29,"loc":{"start":{"line":29,"column":4},"end":{"line":31,"column":4}}},"2":{"name":"hasRole","line":39,"loc":{"start":{"line":39,"column":4},"end":{"line":41,"column":4}}},"3":{"name":"renounceRole","line":57,"loc":{"start":{"line":57,"column":4},"end":{"line":61,"column":4}}},"4":{"name":"revokeRole","line":79,"loc":{"start":{"line":79,"column":4},"end":{"line":83,"column":4}}}},"statementMap":{"1":{"start":{"line":30,"column":8},"end":{"line":30,"column":36}},"2":{"start":{"line":40,"column":8},"end":{"line":40,"column":43}},"3":{"start":{"line":58,"column":8},"end":{"line":58,"column":2188}},"4":{"start":{"line":59,"column":12},"end":{"line":59,"column":44}},"5":{"start":{"line":80,"column":8},"end":{"line":80,"column":3042}},"6":{"start":{"line":81,"column":12},"end":{"line":81,"column":42}}},"branchMap":{"1":{"line":58,"type":"if","locations":[{"start":{"line":58,"column":8},"end":{"line":58,"column":8}},{"start":{"line":58,"column":8},"end":{"line":58,"column":8}}]},"2":{"line":80,"type":"if","locations":[{"start":{"line":80,"column":8},"end":{"line":80,"column":8}},{"start":{"line":80,"column":8},"end":{"line":80,"column":8}}]},"3":{"line":80,"type":"cond-expr","locations":[{"start":{"line":80,"column":12},"end":{"line":80,"column":32}},{"start":{"line":80,"column":37},"end":{"line":80,"column":54}}]}}},"src/SystemSettings.sol":{"l":{"36":5,"43":13,"61":45,"62":45,"63":1,"64":44,"65":44,"81":2,"82":2,"83":1,"85":1,"86":1,"102":11,"103":11},"path":"/home/john/Desktop/development/blockchain/LP/hamza-escrow/src/SystemSettings.sol","s":{"1":5,"2":13,"3":45,"4":45,"5":1,"6":2,"7":2,"8":1,"9":1,"10":11,"11":11},"b":{"1":[1,44],"2":[2,2],"3":[2,0],"4":[1,1],"5":[11,2],"6":[11,0]},"f":{"1":5,"2":13,"3":45,"4":2,"5":11},"fnMap":{"1":{"name":"vaultAddress","line":35,"loc":{"start":{"line":35,"column":4},"end":{"line":37,"column":4}}},"2":{"name":"feeBps","line":42,"loc":{"start":{"line":42,"column":4},"end":{"line":44,"column":4}}},"3":{"name":"constructor","line":60,"loc":{"start":{"line":60,"column":4},"end":{"line":66,"column":4}}},"4":{"name":"setVaultAddress","line":80,"loc":{"start":{"line":80,"column":4},"end":{"line":88,"column":4}}},"5":{"name":"setFeeBps","line":101,"loc":{"start":{"line":101,"column":4},"end":{"line":106,"column":4}}}},"statementMap":{"1":{"start":{"line":36,"column":8},"end":{"line":36,"column":28}},"2":{"start":{"line":43,"column":8},"end":{"line":43,"column":22}},"3":{"start":{"line":61,"column":8},"end":{"line":61,"column":43}},"4":{"start":{"line":62,"column":8},"end":{"line":62,"column":1772}},"5":{"start":{"line":63,"column":12},"end":{"line":63,"column":40}},"6":{"start":{"line":81,"column":8},"end":{"line":81,"column":2330}},"7":{"start":{"line":82,"column":12},"end":{"line":82,"column":2411}},"8":{"start":{"line":83,"column":16},"end":{"line":83,"column":38}},"9":{"start":{"line":86,"column":12},"end":{"line":86,"column":63}},"10":{"start":{"line":102,"column":8},"end":{"line":102,"column":2940}},"11":{"start":{"line":104,"column":12},"end":{"line":104,"column":51}}},"branchMap":{"1":{"line":62,"type":"if","locations":[{"start":{"line":62,"column":8},"end":{"line":62,"column":8}},{"start":{"line":62,"column":8},"end":{"line":62,"column":8}}]},"2":{"line":80,"type":"if","locations":[{"start":{"line":80,"column":59},"end":{"line":80,"column":59}},{"start":{"line":80,"column":59},"end":{"line":80,"column":59}}]},"3":{"line":81,"type":"if","locations":[{"start":{"line":81,"column":8},"end":{"line":81,"column":8}},{"start":{"line":81,"column":8},"end":{"line":81,"column":8}}]},"4":{"line":82,"type":"if","locations":[{"start":{"line":82,"column":12},"end":{"line":82,"column":12}},{"start":{"line":82,"column":12},"end":{"line":82,"column":12}}]},"5":{"line":101,"type":"if","locations":[{"start":{"line":101,"column":47},"end":{"line":101,"column":47}},{"start":{"line":101,"column":47},"end":{"line":101,"column":47}}]},"6":{"line":102,"type":"if","locations":[{"start":{"line":102,"column":8},"end":{"line":102,"column":8}},{"start":{"line":102,"column":8},"end":{"line":102,"column":8}}]}}},"src/TestToken.sol":{"l":{"10":111},"path":"/home/john/Desktop/development/blockchain/LP/hamza-escrow/src/TestToken.sol","s":{"1":111},"b":{},"f":{"1":37,"2":111},"fnMap":{"1":{"name":"constructor","line":7,"loc":{"start":{"line":7,"column":4},"end":{"line":7,"column":83}}},"2":{"name":"mint","line":9,"loc":{"start":{"line":9,"column":4},"end":{"line":11,"column":4}}}},"statementMap":{"1":{"start":{"line":10,"column":8},"end":{"line":10,"column":30}}},"branchMap":{}}}